05:31:21 **** Incremental Build of configuration Debug for project robotMurder ****
Info: Internal Builder is used for build
arm-none-eabi-gcc -mcpu=cortex-m4 -mthumb -mfloat-abi=hard -mfpu=fpv4-sp-d16 -D__weak=__attribute__((weak)) -D__packed=__attribute__((__packed__)) -DUSE_HAL_DRIVER -DSTM32F411xE -I../Inc -I../Drivers/STM32F4xx_HAL_Driver/Inc -I../Drivers/STM32F4xx_HAL_Driver/Inc/Legacy -I../Middlewares/ST/STM32_USB_Device_Library/Core/Inc -I../Middlewares/ST/STM32_USB_Device_Library/Class/CDC/Inc -I../Drivers/CMSIS/Device/ST/STM32F4xx/Include -I../Drivers/CMSIS/Include -Os -g3 -Wall -fmessage-length=0 -ffunction-sections -c -fmessage-length=0 -o "Drivers\\STM32F4xx_HAL_Driver\\Src\\stm32f4xx_hal_cortex.o" "..\\Drivers\\STM32F4xx_HAL_Driver\\Src\\stm32f4xx_hal_cortex.c" 
arm-none-eabi-gcc -mcpu=cortex-m4 -mthumb -mfloat-abi=hard -mfpu=fpv4-sp-d16 -D__weak=__attribute__((weak)) -D__packed=__attribute__((__packed__)) -DUSE_HAL_DRIVER -DSTM32F411xE -I../Inc -I../Drivers/STM32F4xx_HAL_Driver/Inc -I../Drivers/STM32F4xx_HAL_Driver/Inc/Legacy -I../Middlewares/ST/STM32_USB_Device_Library/Core/Inc -I../Middlewares/ST/STM32_USB_Device_Library/Class/CDC/Inc -I../Drivers/CMSIS/Device/ST/STM32F4xx/Include -I../Drivers/CMSIS/Include -Os -g3 -Wall -fmessage-length=0 -ffunction-sections -c -fmessage-length=0 -o "Src\\stm32f4xx_it.o" "..\\Src\\stm32f4xx_it.c" 
arm-none-eabi-gcc -mcpu=cortex-m4 -mthumb -mfloat-abi=hard -mfpu=fpv4-sp-d16 -D__weak=__attribute__((weak)) -D__packed=__attribute__((__packed__)) -DUSE_HAL_DRIVER -DSTM32F411xE -I../Inc -I../Drivers/STM32F4xx_HAL_Driver/Inc -I../Drivers/STM32F4xx_HAL_Driver/Inc/Legacy -I../Middlewares/ST/STM32_USB_Device_Library/Core/Inc -I../Middlewares/ST/STM32_USB_Device_Library/Class/CDC/Inc -I../Drivers/CMSIS/Device/ST/STM32F4xx/Include -I../Drivers/CMSIS/Include -Os -g3 -Wall -fmessage-length=0 -ffunction-sections -c -fmessage-length=0 -o "Src\\usbd_conf.o" "..\\Src\\usbd_conf.c" 
arm-none-eabi-gcc -mcpu=cortex-m4 -mthumb -mfloat-abi=hard -mfpu=fpv4-sp-d16 -D__weak=__attribute__((weak)) -D__packed=__attribute__((__packed__)) -DUSE_HAL_DRIVER -DSTM32F411xE -I../Inc -I../Drivers/STM32F4xx_HAL_Driver/Inc -I../Drivers/STM32F4xx_HAL_Driver/Inc/Legacy -I../Middlewares/ST/STM32_USB_Device_Library/Core/Inc -I../Middlewares/ST/STM32_USB_Device_Library/Class/CDC/Inc -I../Drivers/CMSIS/Device/ST/STM32F4xx/Include -I../Drivers/CMSIS/Include -Os -g3 -Wall -fmessage-length=0 -ffunction-sections -c -fmessage-length=0 -o "Drivers\\STM32F4xx_HAL_Driver\\Src\\stm32f4xx_hal_flash_ex.o" "..\\Drivers\\STM32F4xx_HAL_Driver\\Src\\stm32f4xx_hal_flash_ex.c" 
arm-none-eabi-gcc -mcpu=cortex-m4 -mthumb -mfloat-abi=hard -mfpu=fpv4-sp-d16 -D__weak=__attribute__((weak)) -D__packed=__attribute__((__packed__)) -DUSE_HAL_DRIVER -DSTM32F411xE -I../Inc -I../Drivers/STM32F4xx_HAL_Driver/Inc -I../Drivers/STM32F4xx_HAL_Driver/Inc/Legacy -I../Middlewares/ST/STM32_USB_Device_Library/Core/Inc -I../Middlewares/ST/STM32_USB_Device_Library/Class/CDC/Inc -I../Drivers/CMSIS/Device/ST/STM32F4xx/Include -I../Drivers/CMSIS/Include -Os -g3 -Wall -fmessage-length=0 -ffunction-sections -c -fmessage-length=0 -o "Src\\stm32f4xx_hal_msp.o" "..\\Src\\stm32f4xx_hal_msp.c" 
arm-none-eabi-gcc -mcpu=cortex-m4 -mthumb -mfloat-abi=hard -mfpu=fpv4-sp-d16 -D__weak=__attribute__((weak)) -D__packed=__attribute__((__packed__)) -DUSE_HAL_DRIVER -DSTM32F411xE -I../Inc -I../Drivers/STM32F4xx_HAL_Driver/Inc -I../Drivers/STM32F4xx_HAL_Driver/Inc/Legacy -I../Middlewares/ST/STM32_USB_Device_Library/Core/Inc -I../Middlewares/ST/STM32_USB_Device_Library/Class/CDC/Inc -I../Drivers/CMSIS/Device/ST/STM32F4xx/Include -I../Drivers/CMSIS/Include -Os -g3 -Wall -fmessage-length=0 -ffunction-sections -c -fmessage-length=0 -o "Src\\usb_device.o" "..\\Src\\usb_device.c" 
arm-none-eabi-gcc -mcpu=cortex-m4 -mthumb -mfloat-abi=hard -mfpu=fpv4-sp-d16 -D__weak=__attribute__((weak)) -D__packed=__attribute__((__packed__)) -DUSE_HAL_DRIVER -DSTM32F411xE -I../Inc -I../Drivers/STM32F4xx_HAL_Driver/Inc -I../Drivers/STM32F4xx_HAL_Driver/Inc/Legacy -I../Middlewares/ST/STM32_USB_Device_Library/Core/Inc -I../Middlewares/ST/STM32_USB_Device_Library/Class/CDC/Inc -I../Drivers/CMSIS/Device/ST/STM32F4xx/Include -I../Drivers/CMSIS/Include -Os -g3 -Wall -fmessage-length=0 -ffunction-sections -c -fmessage-length=0 -o "Drivers\\STM32F4xx_HAL_Driver\\Src\\stm32f4xx_hal_gpio.o" "..\\Drivers\\STM32F4xx_HAL_Driver\\Src\\stm32f4xx_hal_gpio.c" 
arm-none-eabi-gcc -mcpu=cortex-m4 -mthumb -mfloat-abi=hard -mfpu=fpv4-sp-d16 -D__weak=__attribute__((weak)) -D__packed=__attribute__((__packed__)) -DUSE_HAL_DRIVER -DSTM32F411xE -I../Inc -I../Drivers/STM32F4xx_HAL_Driver/Inc -I../Drivers/STM32F4xx_HAL_Driver/Inc/Legacy -I../Middlewares/ST/STM32_USB_Device_Library/Core/Inc -I../Middlewares/ST/STM32_USB_Device_Library/Class/CDC/Inc -I../Drivers/CMSIS/Device/ST/STM32F4xx/Include -I../Drivers/CMSIS/Include -Os -g3 -Wall -fmessage-length=0 -ffunction-sections -c -fmessage-length=0 -o "Drivers\\STM32F4xx_HAL_Driver\\Src\\stm32f4xx_hal_pcd.o" "..\\Drivers\\STM32F4xx_HAL_Driver\\Src\\stm32f4xx_hal_pcd.c" 
arm-none-eabi-gcc -mcpu=cortex-m4 -mthumb -mfloat-abi=hard -mfpu=fpv4-sp-d16 -D__weak=__attribute__((weak)) -D__packed=__attribute__((__packed__)) -DUSE_HAL_DRIVER -DSTM32F411xE -I../Inc -I../Drivers/STM32F4xx_HAL_Driver/Inc -I../Drivers/STM32F4xx_HAL_Driver/Inc/Legacy -I../Middlewares/ST/STM32_USB_Device_Library/Core/Inc -I../Middlewares/ST/STM32_USB_Device_Library/Class/CDC/Inc -I../Drivers/CMSIS/Device/ST/STM32F4xx/Include -I../Drivers/CMSIS/Include -Os -g3 -Wall -fmessage-length=0 -ffunction-sections -c -fmessage-length=0 -o "Drivers\\STM32F4xx_HAL_Driver\\Src\\stm32f4xx_hal_pwr.o" "..\\Drivers\\STM32F4xx_HAL_Driver\\Src\\stm32f4xx_hal_pwr.c" 
arm-none-eabi-gcc -mcpu=cortex-m4 -mthumb -mfloat-abi=hard -mfpu=fpv4-sp-d16 -D__weak=__attribute__((weak)) -D__packed=__attribute__((__packed__)) -DUSE_HAL_DRIVER -DSTM32F411xE -I../Inc -I../Drivers/STM32F4xx_HAL_Driver/Inc -I../Drivers/STM32F4xx_HAL_Driver/Inc/Legacy -I../Middlewares/ST/STM32_USB_Device_Library/Core/Inc -I../Middlewares/ST/STM32_USB_Device_Library/Class/CDC/Inc -I../Drivers/CMSIS/Device/ST/STM32F4xx/Include -I../Drivers/CMSIS/Include -Os -g3 -Wall -fmessage-length=0 -ffunction-sections -c -fmessage-length=0 -o "Src\\usbd_cdc_if.o" "..\\Src\\usbd_cdc_if.c" 
..\Src\usbd_cdc_if.c: In function 'CDC_Init_FS':
..\Src\usbd_cdc_if.c:159:31: warning: passing argument 2 of 'CDC_Receive_FS' makes pointer from integer without a cast [-Wint-conversion]
   CDC_Receive_FS(USBRXBUFFER, 3);
                               ^
..\Src\usbd_cdc_if.c:125:15: note: expected 'uint32_t * {aka long unsigned int *}' but argument is of type 'int'
 static int8_t CDC_Receive_FS  (uint8_t* pbuf, uint32_t *Len);
               ^
arm-none-eabi-gcc -mcpu=cortex-m4 -mthumb -mfloat-abi=hard -mfpu=fpv4-sp-d16 -D__weak=__attribute__((weak)) -D__packed=__attribute__((__packed__)) -DUSE_HAL_DRIVER -DSTM32F411xE -I../Inc -I../Drivers/STM32F4xx_HAL_Driver/Inc -I../Drivers/STM32F4xx_HAL_Driver/Inc/Legacy -I../Middlewares/ST/STM32_USB_Device_Library/Core/Inc -I../Middlewares/ST/STM32_USB_Device_Library/Class/CDC/Inc -I../Drivers/CMSIS/Device/ST/STM32F4xx/Include -I../Drivers/CMSIS/Include -Os -g3 -Wall -fmessage-length=0 -ffunction-sections -c -fmessage-length=0 -o "Drivers\\STM32F4xx_HAL_Driver\\Src\\stm32f4xx_hal_pwr_ex.o" "..\\Drivers\\STM32F4xx_HAL_Driver\\Src\\stm32f4xx_hal_pwr_ex.c" 
arm-none-eabi-gcc -mcpu=cortex-m4 -mthumb -mfloat-abi=hard -mfpu=fpv4-sp-d16 -D__weak=__attribute__((weak)) -D__packed=__attribute__((__packed__)) -DUSE_HAL_DRIVER -DSTM32F411xE -I../Inc -I../Drivers/STM32F4xx_HAL_Driver/Inc -I../Drivers/STM32F4xx_HAL_Driver/Inc/Legacy -I../Middlewares/ST/STM32_USB_Device_Library/Core/Inc -I../Middlewares/ST/STM32_USB_Device_Library/Class/CDC/Inc -I../Drivers/CMSIS/Device/ST/STM32F4xx/Include -I../Drivers/CMSIS/Include -Os -g3 -Wall -fmessage-length=0 -ffunction-sections -c -fmessage-length=0 -o "Drivers\\STM32F4xx_HAL_Driver\\Src\\stm32f4xx_hal_rcc_ex.o" "..\\Drivers\\STM32F4xx_HAL_Driver\\Src\\stm32f4xx_hal_rcc_ex.c" 
arm-none-eabi-gcc -mcpu=cortex-m4 -mthumb -mfloat-abi=hard -mfpu=fpv4-sp-d16 -D__weak=__attribute__((weak)) -D__packed=__attribute__((__packed__)) -DUSE_HAL_DRIVER -DSTM32F411xE -I../Inc -I../Drivers/STM32F4xx_HAL_Driver/Inc -I../Drivers/STM32F4xx_HAL_Driver/Inc/Legacy -I../Middlewares/ST/STM32_USB_Device_Library/Core/Inc -I../Middlewares/ST/STM32_USB_Device_Library/Class/CDC/Inc -I../Drivers/CMSIS/Device/ST/STM32F4xx/Include -I../Drivers/CMSIS/Include -Os -g3 -Wall -fmessage-length=0 -ffunction-sections -c -fmessage-length=0 -o "Drivers\\CMSIS\\Device\\ST\\STM32F4xx\\Source\\Templates\\system_stm32f4xx.o" "..\\Drivers\\CMSIS\\Device\\ST\\STM32F4xx\\Source\\Templates\\system_stm32f4xx.c" 
arm-none-eabi-gcc -mcpu=cortex-m4 -mthumb -mfloat-abi=hard -mfpu=fpv4-sp-d16 -D__weak=__attribute__((weak)) -D__packed=__attribute__((__packed__)) -DUSE_HAL_DRIVER -DSTM32F411xE -I../Inc -I../Drivers/STM32F4xx_HAL_Driver/Inc -I../Drivers/STM32F4xx_HAL_Driver/Inc/Legacy -I../Middlewares/ST/STM32_USB_Device_Library/Core/Inc -I../Middlewares/ST/STM32_USB_Device_Library/Class/CDC/Inc -I../Drivers/CMSIS/Device/ST/STM32F4xx/Include -I../Drivers/CMSIS/Include -Os -g3 -Wall -fmessage-length=0 -ffunction-sections -c -fmessage-length=0 -o "Drivers\\STM32F4xx_HAL_Driver\\Src\\stm32f4xx_hal_flash_ramfunc.o" "..\\Drivers\\STM32F4xx_HAL_Driver\\Src\\stm32f4xx_hal_flash_ramfunc.c" 
arm-none-eabi-gcc -mcpu=cortex-m4 -mthumb -mfloat-abi=hard -mfpu=fpv4-sp-d16 -D__weak=__attribute__((weak)) -D__packed=__attribute__((__packed__)) -DUSE_HAL_DRIVER -DSTM32F411xE -I../Inc -I../Drivers/STM32F4xx_HAL_Driver/Inc -I../Drivers/STM32F4xx_HAL_Driver/Inc/Legacy -I../Middlewares/ST/STM32_USB_Device_Library/Core/Inc -I../Middlewares/ST/STM32_USB_Device_Library/Class/CDC/Inc -I../Drivers/CMSIS/Device/ST/STM32F4xx/Include -I../Drivers/CMSIS/Include -Os -g3 -Wall -fmessage-length=0 -ffunction-sections -c -fmessage-length=0 -o "Drivers\\STM32F4xx_HAL_Driver\\Src\\stm32f4xx_hal_dma_ex.o" "..\\Drivers\\STM32F4xx_HAL_Driver\\Src\\stm32f4xx_hal_dma_ex.c" 
arm-none-eabi-gcc -mcpu=cortex-m4 -mthumb -mfloat-abi=hard -mfpu=fpv4-sp-d16 -D__weak=__attribute__((weak)) -D__packed=__attribute__((__packed__)) -DUSE_HAL_DRIVER -DSTM32F411xE -I../Inc -I../Drivers/STM32F4xx_HAL_Driver/Inc -I../Drivers/STM32F4xx_HAL_Driver/Inc/Legacy -I../Middlewares/ST/STM32_USB_Device_Library/Core/Inc -I../Middlewares/ST/STM32_USB_Device_Library/Class/CDC/Inc -I../Drivers/CMSIS/Device/ST/STM32F4xx/Include -I../Drivers/CMSIS/Include -Os -g3 -Wall -fmessage-length=0 -ffunction-sections -c -fmessage-length=0 -o "Src\\main.o" "..\\Src\\main.c" 
..\Src\main.c: In function 'main':
..\Src\main.c:136:3: warning: implicit declaration of function 'CDC_Transmit_FS' [-Wimplicit-function-declaration]
   CDC_Transmit_FS(testDataToSend, 12);
   ^
arm-none-eabi-gcc -mcpu=cortex-m4 -mthumb -mfloat-abi=hard -mfpu=fpv4-sp-d16 -D__weak=__attribute__((weak)) -D__packed=__attribute__((__packed__)) -DUSE_HAL_DRIVER -DSTM32F411xE -I../Inc -I../Drivers/STM32F4xx_HAL_Driver/Inc -I../Drivers/STM32F4xx_HAL_Driver/Inc/Legacy -I../Middlewares/ST/STM32_USB_Device_Library/Core/Inc -I../Middlewares/ST/STM32_USB_Device_Library/Class/CDC/Inc -I../Drivers/CMSIS/Device/ST/STM32F4xx/Include -I../Drivers/CMSIS/Include -Os -g3 -Wall -fmessage-length=0 -ffunction-sections -c -fmessage-length=0 -o "Drivers\\STM32F4xx_HAL_Driver\\Src\\stm32f4xx_hal_pcd_ex.o" "..\\Drivers\\STM32F4xx_HAL_Driver\\Src\\stm32f4xx_hal_pcd_ex.c" 
arm-none-eabi-gcc -mcpu=cortex-m4 -mthumb -mfloat-abi=hard -mfpu=fpv4-sp-d16 -D__weak=__attribute__((weak)) -D__packed=__attribute__((__packed__)) -DUSE_HAL_DRIVER -DSTM32F411xE -I../Inc -I../Drivers/STM32F4xx_HAL_Driver/Inc -I../Drivers/STM32F4xx_HAL_Driver/Inc/Legacy -I../Middlewares/ST/STM32_USB_Device_Library/Core/Inc -I../Middlewares/ST/STM32_USB_Device_Library/Class/CDC/Inc -I../Drivers/CMSIS/Device/ST/STM32F4xx/Include -I../Drivers/CMSIS/Include -Os -g3 -Wall -fmessage-length=0 -ffunction-sections -c -fmessage-length=0 -o "Drivers\\STM32F4xx_HAL_Driver\\Src\\stm32f4xx_hal_tim.o" "..\\Drivers\\STM32F4xx_HAL_Driver\\Src\\stm32f4xx_hal_tim.c" 
arm-none-eabi-gcc -mcpu=cortex-m4 -mthumb -mfloat-abi=hard -mfpu=fpv4-sp-d16 -D__weak=__attribute__((weak)) -D__packed=__attribute__((__packed__)) -DUSE_HAL_DRIVER -DSTM32F411xE -I../Inc -I../Drivers/STM32F4xx_HAL_Driver/Inc -I../Drivers/STM32F4xx_HAL_Driver/Inc/Legacy -I../Middlewares/ST/STM32_USB_Device_Library/Core/Inc -I../Middlewares/ST/STM32_USB_Device_Library/Class/CDC/Inc -I../Drivers/CMSIS/Device/ST/STM32F4xx/Include -I../Drivers/CMSIS/Include -Os -g3 -Wall -fmessage-length=0 -ffunction-sections -c -fmessage-length=0 -o "Drivers\\STM32F4xx_HAL_Driver\\Src\\stm32f4xx_hal_rcc.o" "..\\Drivers\\STM32F4xx_HAL_Driver\\Src\\stm32f4xx_hal_rcc.c" 
arm-none-eabi-gcc -mcpu=cortex-m4 -mthumb -mfloat-abi=hard -mfpu=fpv4-sp-d16 -D__weak=__attribute__((weak)) -D__packed=__attribute__((__packed__)) -DUSE_HAL_DRIVER -DSTM32F411xE -I../Inc -I../Drivers/STM32F4xx_HAL_Driver/Inc -I../Drivers/STM32F4xx_HAL_Driver/Inc/Legacy -I../Middlewares/ST/STM32_USB_Device_Library/Core/Inc -I../Middlewares/ST/STM32_USB_Device_Library/Class/CDC/Inc -I../Drivers/CMSIS/Device/ST/STM32F4xx/Include -I../Drivers/CMSIS/Include -Os -g3 -Wall -fmessage-length=0 -ffunction-sections -c -fmessage-length=0 -o "Drivers\\STM32F4xx_HAL_Driver\\Src\\stm32f4xx_hal_tim_ex.o" "..\\Drivers\\STM32F4xx_HAL_Driver\\Src\\stm32f4xx_hal_tim_ex.c" 
arm-none-eabi-gcc -mcpu=cortex-m4 -mthumb -mfloat-abi=hard -mfpu=fpv4-sp-d16 -D__weak=__attribute__((weak)) -D__packed=__attribute__((__packed__)) -DUSE_HAL_DRIVER -DSTM32F411xE -I../Inc -I../Drivers/STM32F4xx_HAL_Driver/Inc -I../Drivers/STM32F4xx_HAL_Driver/Inc/Legacy -I../Middlewares/ST/STM32_USB_Device_Library/Core/Inc -I../Middlewares/ST/STM32_USB_Device_Library/Class/CDC/Inc -I../Drivers/CMSIS/Device/ST/STM32F4xx/Include -I../Drivers/CMSIS/Include -Os -g3 -Wall -fmessage-length=0 -ffunction-sections -c -fmessage-length=0 -o "Drivers\\STM32F4xx_HAL_Driver\\Src\\stm32f4xx_hal_i2c.o" "..\\Drivers\\STM32F4xx_HAL_Driver\\Src\\stm32f4xx_hal_i2c.c" 
arm-none-eabi-gcc -mcpu=cortex-m4 -mthumb -mfloat-abi=hard -mfpu=fpv4-sp-d16 -D__weak=__attribute__((weak)) -D__packed=__attribute__((__packed__)) -DUSE_HAL_DRIVER -DSTM32F411xE -I../Inc -I../Drivers/STM32F4xx_HAL_Driver/Inc -I../Drivers/STM32F4xx_HAL_Driver/Inc/Legacy -I../Middlewares/ST/STM32_USB_Device_Library/Core/Inc -I../Middlewares/ST/STM32_USB_Device_Library/Class/CDC/Inc -I../Drivers/CMSIS/Device/ST/STM32F4xx/Include -I../Drivers/CMSIS/Include -Os -g3 -Wall -fmessage-length=0 -ffunction-sections -c -fmessage-length=0 -o "Drivers\\STM32F4xx_HAL_Driver\\Src\\stm32f4xx_hal_flash.o" "..\\Drivers\\STM32F4xx_HAL_Driver\\Src\\stm32f4xx_hal_flash.c" 
arm-none-eabi-gcc -mcpu=cortex-m4 -mthumb -mfloat-abi=hard -mfpu=fpv4-sp-d16 -D__weak=__attribute__((weak)) -D__packed=__attribute__((__packed__)) -DUSE_HAL_DRIVER -DSTM32F411xE -I../Inc -I../Drivers/STM32F4xx_HAL_Driver/Inc -I../Drivers/STM32F4xx_HAL_Driver/Inc/Legacy -I../Middlewares/ST/STM32_USB_Device_Library/Core/Inc -I../Middlewares/ST/STM32_USB_Device_Library/Class/CDC/Inc -I../Drivers/CMSIS/Device/ST/STM32F4xx/Include -I../Drivers/CMSIS/Include -Os -g3 -Wall -fmessage-length=0 -ffunction-sections -c -fmessage-length=0 -o "Drivers\\STM32F4xx_HAL_Driver\\Src\\stm32f4xx_hal_i2c_ex.o" "..\\Drivers\\STM32F4xx_HAL_Driver\\Src\\stm32f4xx_hal_i2c_ex.c" 
arm-none-eabi-gcc -mcpu=cortex-m4 -mthumb -mfloat-abi=hard -mfpu=fpv4-sp-d16 -D__weak=__attribute__((weak)) -D__packed=__attribute__((__packed__)) -DUSE_HAL_DRIVER -DSTM32F411xE -I../Inc -I../Drivers/STM32F4xx_HAL_Driver/Inc -I../Drivers/STM32F4xx_HAL_Driver/Inc/Legacy -I../Middlewares/ST/STM32_USB_Device_Library/Core/Inc -I../Middlewares/ST/STM32_USB_Device_Library/Class/CDC/Inc -I../Drivers/CMSIS/Device/ST/STM32F4xx/Include -I../Drivers/CMSIS/Include -Os -g3 -Wall -fmessage-length=0 -ffunction-sections -c -fmessage-length=0 -o "Middlewares\\ST\\STM32_USB_Device_Library\\Class\\CDC\\Src\\usbd_cdc.o" "..\\Middlewares\\ST\\STM32_USB_Device_Library\\Class\\CDC\\Src\\usbd_cdc.c" 
arm-none-eabi-gcc -mcpu=cortex-m4 -mthumb -mfloat-abi=hard -mfpu=fpv4-sp-d16 -D__weak=__attribute__((weak)) -D__packed=__attribute__((__packed__)) -DUSE_HAL_DRIVER -DSTM32F411xE -I../Inc -I../Drivers/STM32F4xx_HAL_Driver/Inc -I../Drivers/STM32F4xx_HAL_Driver/Inc/Legacy -I../Middlewares/ST/STM32_USB_Device_Library/Core/Inc -I../Middlewares/ST/STM32_USB_Device_Library/Class/CDC/Inc -I../Drivers/CMSIS/Device/ST/STM32F4xx/Include -I../Drivers/CMSIS/Include -Os -g3 -Wall -fmessage-length=0 -ffunction-sections -c -fmessage-length=0 -o "Src\\usbd_desc.o" "..\\Src\\usbd_desc.c" 
..\Src\usbd_desc.c: In function 'USBD_FS_ProductStrDescriptor':
..\Src\usbd_desc.c:73:36: warning: pointer targets in passing argument 1 of 'USBD_GetString' differ in signedness [-Wpointer-sign]
 #define USBD_PRODUCT_STRING_FS     "STM32 Virtual ComPort"
                                    ^
..\Src\usbd_desc.c:251:21: note: in expansion of macro 'USBD_PRODUCT_STRING_FS'
     USBD_GetString (USBD_PRODUCT_STRING_FS, USBD_StrDesc, length);
                     ^
In file included from ../Middlewares/ST/STM32_USB_Device_Library/Core/Inc/usbd_core.h:40:0,
                 from ..\Src\usbd_desc.c:46:
../Middlewares/ST/STM32_USB_Device_Library/Core/Inc/usbd_ctlreq.h:93:6: note: expected 'uint8_t * {aka unsigned char *}' but argument is of type 'char *'
 void USBD_GetString         (uint8_t *desc, uint8_t *unicode, uint16_t *len);
      ^
..\Src\usbd_desc.c:73:36: warning: pointer targets in passing argument 1 of 'USBD_GetString' differ in signedness [-Wpointer-sign]
 #define USBD_PRODUCT_STRING_FS     "STM32 Virtual ComPort"
                                    ^
..\Src\usbd_desc.c:255:21: note: in expansion of macro 'USBD_PRODUCT_STRING_FS'
     USBD_GetString (USBD_PRODUCT_STRING_FS, USBD_StrDesc, length);    
                     ^
In file included from ../Middlewares/ST/STM32_USB_Device_Library/Core/Inc/usbd_core.h:40:0,
                 from ..\Src\usbd_desc.c:46:
../Middlewares/ST/STM32_USB_Device_Library/Core/Inc/usbd_ctlreq.h:93:6: note: expected 'uint8_t * {aka unsigned char *}' but argument is of type 'char *'
 void USBD_GetString         (uint8_t *desc, uint8_t *unicode, uint16_t *len);
      ^
..\Src\usbd_desc.c: In function 'USBD_FS_ManufacturerStrDescriptor':
..\Src\usbd_desc.c:71:38: warning: pointer targets in passing argument 1 of 'USBD_GetString' differ in signedness [-Wpointer-sign]
 #define USBD_MANUFACTURER_STRING     "STMicroelectronics"
                                      ^
..\Src\usbd_desc.c:269:19: note: in expansion of macro 'USBD_MANUFACTURER_STRING'
   USBD_GetString (USBD_MANUFACTURER_STRING, USBD_StrDesc, length);
                   ^
In file included from ../Middlewares/ST/STM32_USB_Device_Library/Core/Inc/usbd_core.h:40:0,
                 from ..\Src\usbd_desc.c:46:
../Middlewares/ST/STM32_USB_Device_Library/Core/Inc/usbd_ctlreq.h:93:6: note: expected 'uint8_t * {aka unsigned char *}' but argument is of type 'char *'
 void USBD_GetString         (uint8_t *desc, uint8_t *unicode, uint16_t *len);
      ^
..\Src\usbd_desc.c: In function 'USBD_FS_SerialStrDescriptor':
..\Src\usbd_desc.c:74:41: warning: pointer targets in passing argument 1 of 'USBD_GetString' differ in signedness [-Wpointer-sign]
 #define USBD_SERIALNUMBER_STRING_FS     "00000000001A"
                                         ^
..\Src\usbd_desc.c:284:21: note: in expansion of macro 'USBD_SERIALNUMBER_STRING_FS'
     USBD_GetString (USBD_SERIALNUMBER_STRING_FS, USBD_StrDesc, length);
                     ^
In file included from ../Middlewares/ST/STM32_USB_Device_Library/Core/Inc/usbd_core.h:40:0,
                 from ..\Src\usbd_desc.c:46:
../Middlewares/ST/STM32_USB_Device_Library/Core/Inc/usbd_ctlreq.h:93:6: note: expected 'uint8_t * {aka unsigned char *}' but argument is of type 'char *'
 void USBD_GetString         (uint8_t *desc, uint8_t *unicode, uint16_t *len);
      ^
..\Src\usbd_desc.c:74:41: warning: pointer targets in passing argument 1 of 'USBD_GetString' differ in signedness [-Wpointer-sign]
 #define USBD_SERIALNUMBER_STRING_FS     "00000000001A"
                                         ^
..\Src\usbd_desc.c:288:21: note: in expansion of macro 'USBD_SERIALNUMBER_STRING_FS'
     USBD_GetString (USBD_SERIALNUMBER_STRING_FS, USBD_StrDesc, length);    
                     ^
In file included from ../Middlewares/ST/STM32_USB_Device_Library/Core/Inc/usbd_core.h:40:0,
                 from ..\Src\usbd_desc.c:46:
../Middlewares/ST/STM32_USB_Device_Library/Core/Inc/usbd_ctlreq.h:93:6: note: expected 'uint8_t * {aka unsigned char *}' but argument is of type 'char *'
 void USBD_GetString         (uint8_t *desc, uint8_t *unicode, uint16_t *len);
      ^
..\Src\usbd_desc.c: In function 'USBD_FS_ConfigStrDescriptor':
..\Src\usbd_desc.c:75:42: warning: pointer targets in passing argument 1 of 'USBD_GetString' differ in signedness [-Wpointer-sign]
 #define USBD_CONFIGURATION_STRING_FS     "CDC Config"
                                          ^
..\Src\usbd_desc.c:304:21: note: in expansion of macro 'USBD_CONFIGURATION_STRING_FS'
     USBD_GetString (USBD_CONFIGURATION_STRING_FS, USBD_StrDesc, length);
                     ^
In file included from ../Middlewares/ST/STM32_USB_Device_Library/Core/Inc/usbd_core.h:40:0,
                 from ..\Src\usbd_desc.c:46:
../Middlewares/ST/STM32_USB_Device_Library/Core/Inc/usbd_ctlreq.h:93:6: note: expected 'uint8_t * {aka unsigned char *}' but argument is of type 'char *'
 void USBD_GetString         (uint8_t *desc, uint8_t *unicode, uint16_t *len);
      ^
..\Src\usbd_desc.c:75:42: warning: pointer targets in passing argument 1 of 'USBD_GetString' differ in signedness [-Wpointer-sign]
 #define USBD_CONFIGURATION_STRING_FS     "CDC Config"
                                          ^
..\Src\usbd_desc.c:308:21: note: in expansion of macro 'USBD_CONFIGURATION_STRING_FS'
     USBD_GetString (USBD_CONFIGURATION_STRING_FS, USBD_StrDesc, length); 
                     ^
In file included from ../Middlewares/ST/STM32_USB_Device_Library/Core/Inc/usbd_core.h:40:0,
                 from ..\Src\usbd_desc.c:46:
../Middlewares/ST/STM32_USB_Device_Library/Core/Inc/usbd_ctlreq.h:93:6: note: expected 'uint8_t * {aka unsigned char *}' but argument is of type 'char *'
 void USBD_GetString         (uint8_t *desc, uint8_t *unicode, uint16_t *len);
      ^
..\Src\usbd_desc.c: In function 'USBD_FS_InterfaceStrDescriptor':
..\Src\usbd_desc.c:76:38: warning: pointer targets in passing argument 1 of 'USBD_GetString' differ in signedness [-Wpointer-sign]
 #define USBD_INTERFACE_STRING_FS     "CDC Interface"
                                      ^
..\Src\usbd_desc.c:324:21: note: in expansion of macro 'USBD_INTERFACE_STRING_FS'
     USBD_GetString (USBD_INTERFACE_STRING_FS, USBD_StrDesc, length);
                     ^
In file included from ../Middlewares/ST/STM32_USB_Device_Library/Core/Inc/usbd_core.h:40:0,
                 from ..\Src\usbd_desc.c:46:
../Middlewares/ST/STM32_USB_Device_Library/Core/Inc/usbd_ctlreq.h:93:6: note: expected 'uint8_t * {aka unsigned char *}' but argument is of type 'char *'
 void USBD_GetString         (uint8_t *desc, uint8_t *unicode, uint16_t *len);
      ^
..\Src\usbd_desc.c:76:38: warning: pointer targets in passing argument 1 of 'USBD_GetString' differ in signedness [-Wpointer-sign]
 #define USBD_INTERFACE_STRING_FS     "CDC Interface"
                                      ^
..\Src\usbd_desc.c:328:21: note: in expansion of macro 'USBD_INTERFACE_STRING_FS'
     USBD_GetString (USBD_INTERFACE_STRING_FS, USBD_StrDesc, length);
                     ^
In file included from ../Middlewares/ST/STM32_USB_Device_Library/Core/Inc/usbd_core.h:40:0,
                 from ..\Src\usbd_desc.c:46:
../Middlewares/ST/STM32_USB_Device_Library/Core/Inc/usbd_ctlreq.h:93:6: note: expected 'uint8_t * {aka unsigned char *}' but argument is of type 'char *'
 void USBD_GetString         (uint8_t *desc, uint8_t *unicode, uint16_t *len);
      ^
arm-none-eabi-gcc -mcpu=cortex-m4 -mthumb -mfloat-abi=hard -mfpu=fpv4-sp-d16 -D__weak=__attribute__((weak)) -D__packed=__attribute__((__packed__)) -DUSE_HAL_DRIVER -DSTM32F411xE -I../Inc -I../Drivers/STM32F4xx_HAL_Driver/Inc -I../Drivers/STM32F4xx_HAL_Driver/Inc/Legacy -I../Middlewares/ST/STM32_USB_Device_Library/Core/Inc -I../Middlewares/ST/STM32_USB_Device_Library/Class/CDC/Inc -I../Drivers/CMSIS/Device/ST/STM32F4xx/Include -I../Drivers/CMSIS/Include -Os -g3 -Wall -fmessage-length=0 -ffunction-sections -c -fmessage-length=0 -o "Drivers\\STM32F4xx_HAL_Driver\\Src\\stm32f4xx_ll_usb.o" "..\\Drivers\\STM32F4xx_HAL_Driver\\Src\\stm32f4xx_ll_usb.c" 
arm-none-eabi-gcc -mcpu=cortex-m4 -mthumb -mfloat-abi=hard -mfpu=fpv4-sp-d16 -D__weak=__attribute__((weak)) -D__packed=__attribute__((__packed__)) -DUSE_HAL_DRIVER -DSTM32F411xE -I../Inc -I../Drivers/STM32F4xx_HAL_Driver/Inc -I../Drivers/STM32F4xx_HAL_Driver/Inc/Legacy -I../Middlewares/ST/STM32_USB_Device_Library/Core/Inc -I../Middlewares/ST/STM32_USB_Device_Library/Class/CDC/Inc -I../Drivers/CMSIS/Device/ST/STM32F4xx/Include -I../Drivers/CMSIS/Include -Os -g3 -Wall -fmessage-length=0 -ffunction-sections -c -fmessage-length=0 -o "Drivers\\STM32F4xx_HAL_Driver\\Src\\stm32f4xx_hal_dma.o" "..\\Drivers\\STM32F4xx_HAL_Driver\\Src\\stm32f4xx_hal_dma.c" 
arm-none-eabi-gcc -mcpu=cortex-m4 -mthumb -mfloat-abi=hard -mfpu=fpv4-sp-d16 -D__weak=__attribute__((weak)) -D__packed=__attribute__((__packed__)) -DUSE_HAL_DRIVER -DSTM32F411xE -I../Inc -I../Drivers/STM32F4xx_HAL_Driver/Inc -I../Drivers/STM32F4xx_HAL_Driver/Inc/Legacy -I../Middlewares/ST/STM32_USB_Device_Library/Core/Inc -I../Middlewares/ST/STM32_USB_Device_Library/Class/CDC/Inc -I../Drivers/CMSIS/Device/ST/STM32F4xx/Include -I../Drivers/CMSIS/Include -Os -g3 -Wall -fmessage-length=0 -ffunction-sections -c -fmessage-length=0 -o "Drivers\\STM32F4xx_HAL_Driver\\Src\\stm32f4xx_hal_uart.o" "..\\Drivers\\STM32F4xx_HAL_Driver\\Src\\stm32f4xx_hal_uart.c" 
arm-none-eabi-gcc -mcpu=cortex-m4 -mthumb -mfloat-abi=hard -mfpu=fpv4-sp-d16 -D__weak=__attribute__((weak)) -D__packed=__attribute__((__packed__)) -DUSE_HAL_DRIVER -DSTM32F411xE -I../Inc -I../Drivers/STM32F4xx_HAL_Driver/Inc -I../Drivers/STM32F4xx_HAL_Driver/Inc/Legacy -I../Middlewares/ST/STM32_USB_Device_Library/Core/Inc -I../Middlewares/ST/STM32_USB_Device_Library/Class/CDC/Inc -I../Drivers/CMSIS/Device/ST/STM32F4xx/Include -I../Drivers/CMSIS/Include -Os -g3 -Wall -fmessage-length=0 -ffunction-sections -c -fmessage-length=0 -o "Middlewares\\ST\\STM32_USB_Device_Library\\Core\\Src\\usbd_ioreq.o" "..\\Middlewares\\ST\\STM32_USB_Device_Library\\Core\\Src\\usbd_ioreq.c" 
arm-none-eabi-gcc -mcpu=cortex-m4 -mthumb -mfloat-abi=hard -mfpu=fpv4-sp-d16 -D__weak=__attribute__((weak)) -D__packed=__attribute__((__packed__)) -DUSE_HAL_DRIVER -DSTM32F411xE -I../Inc -I../Drivers/STM32F4xx_HAL_Driver/Inc -I../Drivers/STM32F4xx_HAL_Driver/Inc/Legacy -I../Middlewares/ST/STM32_USB_Device_Library/Core/Inc -I../Middlewares/ST/STM32_USB_Device_Library/Class/CDC/Inc -I../Drivers/CMSIS/Device/ST/STM32F4xx/Include -I../Drivers/CMSIS/Include -Os -g3 -Wall -fmessage-length=0 -ffunction-sections -c -fmessage-length=0 -o "Middlewares\\ST\\STM32_USB_Device_Library\\Core\\Src\\usbd_core.o" "..\\Middlewares\\ST\\STM32_USB_Device_Library\\Core\\Src\\usbd_core.c" 
arm-none-eabi-gcc -mcpu=cortex-m4 -mthumb -mfloat-abi=hard -mfpu=fpv4-sp-d16 -D__weak=__attribute__((weak)) -D__packed=__attribute__((__packed__)) -DUSE_HAL_DRIVER -DSTM32F411xE -I../Inc -I../Drivers/STM32F4xx_HAL_Driver/Inc -I../Drivers/STM32F4xx_HAL_Driver/Inc/Legacy -I../Middlewares/ST/STM32_USB_Device_Library/Core/Inc -I../Middlewares/ST/STM32_USB_Device_Library/Class/CDC/Inc -I../Drivers/CMSIS/Device/ST/STM32F4xx/Include -I../Drivers/CMSIS/Include -Os -g3 -Wall -fmessage-length=0 -ffunction-sections -c -fmessage-length=0 -o "Drivers\\STM32F4xx_HAL_Driver\\Src\\stm32f4xx_hal.o" "..\\Drivers\\STM32F4xx_HAL_Driver\\Src\\stm32f4xx_hal.c" 
arm-none-eabi-gcc -mcpu=cortex-m4 -mthumb -mfloat-abi=hard -mfpu=fpv4-sp-d16 -D__weak=__attribute__((weak)) -D__packed=__attribute__((__packed__)) -DUSE_HAL_DRIVER -DSTM32F411xE -I../Inc -I../Drivers/STM32F4xx_HAL_Driver/Inc -I../Drivers/STM32F4xx_HAL_Driver/Inc/Legacy -I../Middlewares/ST/STM32_USB_Device_Library/Core/Inc -I../Middlewares/ST/STM32_USB_Device_Library/Class/CDC/Inc -I../Drivers/CMSIS/Device/ST/STM32F4xx/Include -I../Drivers/CMSIS/Include -Os -g3 -Wall -fmessage-length=0 -ffunction-sections -c -fmessage-length=0 -o "Middlewares\\ST\\STM32_USB_Device_Library\\Core\\Src\\usbd_ctlreq.o" "..\\Middlewares\\ST\\STM32_USB_Device_Library\\Core\\Src\\usbd_ctlreq.c" 
arm-none-eabi-gcc -mcpu=cortex-m4 -mthumb -mfloat-abi=hard -mfpu=fpv4-sp-d16 -specs=nosys.specs -specs=nano.specs -T../STM32F411VETx_FLASH.ld -Wl,-Map=output.map -Wl,--gc-sections -lm -o robotMurder.elf "Drivers\\CMSIS\\Device\\ST\\STM32F4xx\\Source\\Templates\\gcc\\startup_stm32f411xe.o" "Drivers\\CMSIS\\Device\\ST\\STM32F4xx\\Source\\Templates\\system_stm32f4xx.o" "Drivers\\STM32F4xx_HAL_Driver\\Src\\stm32f4xx_hal.o" "Drivers\\STM32F4xx_HAL_Driver\\Src\\stm32f4xx_hal_cortex.o" "Drivers\\STM32F4xx_HAL_Driver\\Src\\stm32f4xx_hal_dma.o" "Drivers\\STM32F4xx_HAL_Driver\\Src\\stm32f4xx_hal_dma_ex.o" "Drivers\\STM32F4xx_HAL_Driver\\Src\\stm32f4xx_hal_flash.o" "Drivers\\STM32F4xx_HAL_Driver\\Src\\stm32f4xx_hal_flash_ex.o" "Drivers\\STM32F4xx_HAL_Driver\\Src\\stm32f4xx_hal_flash_ramfunc.o" "Drivers\\STM32F4xx_HAL_Driver\\Src\\stm32f4xx_hal_gpio.o" "Drivers\\STM32F4xx_HAL_Driver\\Src\\stm32f4xx_hal_i2c.o" "Drivers\\STM32F4xx_HAL_Driver\\Src\\stm32f4xx_hal_i2c_ex.o" "Drivers\\STM32F4xx_HAL_Driver\\Src\\stm32f4xx_hal_pcd.o" "Drivers\\STM32F4xx_HAL_Driver\\Src\\stm32f4xx_hal_pcd_ex.o" "Drivers\\STM32F4xx_HAL_Driver\\Src\\stm32f4xx_hal_pwr.o" "Drivers\\STM32F4xx_HAL_Driver\\Src\\stm32f4xx_hal_pwr_ex.o" "Drivers\\STM32F4xx_HAL_Driver\\Src\\stm32f4xx_hal_rcc.o" "Drivers\\STM32F4xx_HAL_Driver\\Src\\stm32f4xx_hal_rcc_ex.o" "Drivers\\STM32F4xx_HAL_Driver\\Src\\stm32f4xx_hal_tim.o" "Drivers\\STM32F4xx_HAL_Driver\\Src\\stm32f4xx_hal_tim_ex.o" "Drivers\\STM32F4xx_HAL_Driver\\Src\\stm32f4xx_hal_uart.o" "Drivers\\STM32F4xx_HAL_Driver\\Src\\stm32f4xx_ll_usb.o" "Middlewares\\ST\\STM32_USB_Device_Library\\Class\\CDC\\Src\\usbd_cdc.o" "Middlewares\\ST\\STM32_USB_Device_Library\\Core\\Src\\usbd_core.o" "Middlewares\\ST\\STM32_USB_Device_Library\\Core\\Src\\usbd_ctlreq.o" "Middlewares\\ST\\STM32_USB_Device_Library\\Core\\Src\\usbd_ioreq.o" "Src\\main.o" "Src\\stm32f4xx_hal_msp.o" "Src\\stm32f4xx_it.o" "Src\\usb_device.o" "Src\\usbd_cdc_if.o" "Src\\usbd_conf.o" "Src\\usbd_desc.o" 
arm-none-eabi-objcopy -O binary robotMurder.elf robotMurder.bin && arm-none-eabi-size robotMurder.elf 
Usage: arm-none-eabi-objcopy [option(s)] in-file [out-file]
 Copies a binary file, possibly transforming it in the process
 The options are:
  -I --input-target <bfdname>      Assume input file is in format <bfdname>
  -O --output-target <bfdname>     Create an output file in format <bfdname>
  -B --binary-architecture <arch>  Set output arch, when input is arch-less
  -F --target <bfdname>            Set both input and output format to <bfdname>
     --debugging                   Convert debugging information, if possible
  -p --preserve-dates              Copy modified/access timestamps to the output
  -D --enable-deterministic-archives
                                   Produce deterministic output when stripping archives
  -U --disable-deterministic-archives
                                   Disable -D behavior (default)
  -j --only-section <name>         Only copy section <name> into the output
     --add-gnu-debuglink=<file>    Add section .gnu_debuglink linking to <file>
  -R --remove-section <name>       Remove section <name> from the output
  -S --strip-all                   Remove all symbol and relocation information
  -g --strip-debug                 Remove all debugging symbols & sections
     --strip-dwo                   Remove all DWO sections
     --strip-unneeded              Remove all symbols not needed by relocations
  -N --strip-symbol <name>         Do not copy symbol <name>
     --strip-unneeded-symbol <name>
                                   Do not copy symbol <name> unless needed by
                                     relocations
     --only-keep-debug             Strip everything but the debug information
     --extract-dwo                 Copy only DWO sections
     --extract-symbol              Remove section contents but keep symbols
  -K --keep-symbol <name>          Do not strip symbol <name>
     --keep-file-symbols           Do not strip file symbol(s)
     --localize-hidden             Turn all ELF hidden symbols into locals
  -L --localize-symbol <name>      Force symbol <name> to be marked as a local
     --globalize-symbol <name>     Force symbol <name> to be marked as a global
  -G --keep-global-symbol <name>   Localize all symbols except <name>
  -W --weaken-symbol <name>        Force symbol <name> to be marked as a weak
     --weaken                      Force all global symbols to be marked as weak
  -w --wildcard                    Permit wildcard in symbol comparison
  -x --discard-all                 Remove all non-global symbols
  -X --discard-locals              Remove any compiler-generated symbols
  -i --interleave[=<number>]       Only copy N out of every <number> bytes
     --interleave-width <number>   Set N for --interleave
  -b --byte <num>                  Select byte <num> in every interleaved block
     --gap-fill <val>              Fill gaps between sections with <val>
     --pad-to <addr>               Pad the last section up to address <addr>
     --set-start <addr>            Set the start address to <addr>
    {--change-start|--adjust-start} <incr>
                                   Add <incr> to the start address
    {--change-addresses|--adjust-vma} <incr>
                                   Add <incr> to LMA, VMA and start addresses
    {--change-section-address|--adjust-section-vma} <name>{=|+|-}<val>
                                   Change LMA and VMA of section <name> by <val>
     --change-section-lma <name>{=|+|-}<val>
                                   Change the LMA of section <name> by <val>
     --change-section-vma <name>{=|+|-}<val>
                                   Change the VMA of section <name> by <val>
    {--[no-]change-warnings|--[no-]adjust-warnings}
                                   Warn if a named section does not exist
     --set-section-flags <name>=<flags>
                                   Set section <name>'s properties to <flags>
     --add-section <name>=<file>   Add section <name> found in <file> to output
     --update-section <name>=<file>
                                   Update contents of section <name> with
                                   contents found in <file>
     --dump-section <name>=<file>  Dump the contents of section <name> into <file>
     --rename-section <old>=<new>[,<flags>] Rename section <old> to <new>
     --long-section-names {enable|disable|keep}
                                   Handle long section names in Coff objects.
     --change-leading-char         Force output format's leading character style
     --remove-leading-char         Remove leading character from global symbols
     --reverse-bytes=<num>         Reverse <num> bytes at a time, in output sections with content
     --redefine-sym <old>=<new>    Redefine symbol name <old> to <new>
     --redefine-syms <file>        --redefine-sym for all symbol pairs 
                                     listed in <file>
     --srec-len <number>           Restrict the length of generated Srecords
     --srec-forceS3                Restrict the type of generated Srecords to S3
     --strip-symbols <file>        -N for all symbols listed in <file>
     --strip-unneeded-symbols <file>
                                   --strip-unneeded-symbol for all symbols listed
                                     in <file>
     --keep-symbols <file>         -K for all symbols listed in <file>
     --localize-symbols <file>     -L for all symbols listed in <file>
     --globalize-symbols <file>    --globalize-symbol for all in <file>
     --keep-global-symbols <file>  -G for all symbols listed in <file>
     --weaken-symbols <file>       -W for all symbols listed in <file>
     --add-symbol <name>=[<section>:]<value>[,<flags>]  Add a symbol
     --alt-machine-code <index>    Use the target's <index>'th alternative machine
     --writable-text               Mark the output text as writable
     --readonly-text               Make the output text write protected
     --pure                        Mark the output file as demand paged
     --impure                      Mark the output file as impure
     --prefix-symbols <prefix>     Add <prefix> to start of every symbol name
     --prefix-sections <prefix>    Add <prefix> to start of every section name
     --prefix-alloc-sections <prefix>
                                   Add <prefix> to start of every allocatable
                                     section name
     --file-alignment <num>        Set PE file alignment to <num>
     --heap <reserve>[,<commit>]   Set PE reserve/commit heap to <reserve>/
                                   <commit>
     --image-base <address>        Set PE image base to <address>
     --section-alignment <num>     Set PE section alignment to <num>
     --stack <reserve>[,<commit>]  Set PE reserve/commit stack to <reserve>/
                                   <commit>
     --subsystem <name>[:<version>]
                                   Set PE subsystem to <name> [& <version>]
     --compress-debug-sections[={none|zlib|zlib-gnu|zlib-gabi}]
                                   Compress DWARF debug sections using zlib
     --decompress-debug-sections   Decompress DWARF debug sections using zlib
  -v --verbose                     List all object files modified
  @<file>                          Read options from <file>
  -V --version                     Display this program's version number
  -h --help                        Display this output
     --info                        List object formats & architectures supported
arm-none-eabi-objcopy: supported targets: elf32-littlearm elf32-bigarm elf32-little elf32-big plugin srec symbolsrec verilog tekhex binary ihex
